<?xml version="1.0" encoding="UTF-8"?>
<!-- Generated by org.testng.reporters.JUnitReportReporter -->
<testsuite skipped="0" hostname="krish" name="pack2.c3" tests="1" failures="0" timestamp="2023-03-28T20:34:25 IST" time="13.048" errors="0">
  <testcase name="t3" time="13.048" classname="pack2.c3"/>
  <system-out/>
</testsuite> <!-- pack2.c3 -->
