<?xml version="1.0" encoding="UTF-8"?>
<!-- Generated by org.testng.reporters.JUnitReportReporter -->
<testsuite skipped="0" hostname="krish" name="extentrp.e1" tests="1" failures="0" timestamp="2023-04-03T20:20:22 IST" time="3.629" errors="0">
  <testcase name="extentReportsDemo" time="3.629" classname="extentrp.e1"/>
  <system-out/>
</testsuite> <!-- extentrp.e1 -->
