<?xml version="1.0" encoding="UTF-8"?>
<!-- Generated by org.testng.reporters.JUnitReportReporter -->
<testsuite skipped="0" hostname="krish" name="excelfile.fw" tests="1" failures="0" timestamp="2023-03-30T20:35:01 IST" time="0.596" errors="0">
  <testcase name="t1" time="0.596" classname="excelfile.fw"/>
  <system-out/>
</testsuite> <!-- excelfile.fw -->
