<?xml version="1.0" encoding="UTF-8"?>
<!-- Generated by org.testng.reporters.JUnitReportReporter -->
<testsuite skipped="0" hostname="krish" name="pack1.c1" tests="1" failures="0" timestamp="2023-03-28T20:34:25 IST" time="8.964" errors="0">
  <testcase name="t1" time="8.964" classname="pack1.c1"/>
  <system-out/>
</testsuite> <!-- pack1.c1 -->
